<?xml version="1.0" encoding="UTF-8"?>
<coverage generated="1769096127835" clover="3.2.0">
  <project timestamp="1769096127835" name="All files">
    <metrics statements="62" coveredstatements="44" conditionals="20" coveredconditionals="10" methods="12" coveredmethods="10" elements="94" coveredelements="64" complexity="0" loc="62" ncloc="62" packages="1" files="3" classes="3"/>
    <file name="products.js" path="/Users/yuriyshvorob/Documents/petproject/bjj-products-store/routes/products.js">
      <metrics statements="55" coveredstatements="37" conditionals="20" coveredconditionals="10" methods="12" coveredmethods="10"/>
      <line num="1" count="3" type="stmt"/>
      <line num="2" count="3" type="stmt"/>
      <line num="3" count="3" type="stmt"/>
      <line num="4" count="3" type="stmt"/>
      <line num="5" count="3" type="stmt"/>
      <line num="6" count="3" type="stmt"/>
      <line num="8" count="3" type="stmt"/>
      <line num="9" count="1" type="stmt"/>
      <line num="10" count="1" type="cond" truecount="1" falsecount="1"/>
      <line num="11" count="0" type="stmt"/>
      <line num="12" count="0" type="stmt"/>
      <line num="14" count="1" type="stmt"/>
      <line num="18" count="3" type="stmt"/>
      <line num="19" count="7" type="stmt"/>
      <line num="21" count="7" type="cond" truecount="2" falsecount="0"/>
      <line num="22" count="5" type="stmt"/>
      <line num="24" count="5" type="stmt"/>
      <line num="31" count="2" type="stmt"/>
      <line num="33" count="2" type="stmt"/>
      <line num="37" count="2" type="cond" truecount="1" falsecount="1"/>
      <line num="38" count="0" type="stmt"/>
      <line num="39" count="0" type="stmt"/>
      <line num="43" count="2" type="stmt"/>
      <line num="44" count="2" type="cond" truecount="1" falsecount="1"/>
      <line num="45" count="0" type="stmt"/>
      <line num="46" count="0" type="stmt"/>
      <line num="48" count="2" type="stmt"/>
      <line num="54" count="3" type="stmt"/>
      <line num="55" count="14" type="stmt"/>
      <line num="58" count="14" type="stmt"/>
      <line num="60" count="14" type="cond" truecount="1" falsecount="1"/>
      <line num="61" count="14" type="stmt"/>
      <line num="63" count="22" type="stmt"/>
      <line num="70" count="0" type="stmt"/>
      <line num="72" count="0" type="stmt"/>
      <line num="76" count="0" type="cond" truecount="0" falsecount="2"/>
      <line num="77" count="0" type="stmt"/>
      <line num="78" count="0" type="stmt"/>
      <line num="81" count="0" type="cond" truecount="0" falsecount="2"/>
      <line num="82" count="0" type="stmt"/>
      <line num="86" count="0" type="stmt"/>
      <line num="87" count="0" type="cond" truecount="0" falsecount="2"/>
      <line num="88" count="0" type="stmt"/>
      <line num="89" count="0" type="stmt"/>
      <line num="91" count="0" type="stmt"/>
      <line num="97" count="3" type="stmt"/>
      <line num="98" count="7" type="stmt"/>
      <line num="100" count="7" type="stmt"/>
      <line num="101" count="7" type="cond" truecount="2" falsecount="0"/>
      <line num="102" count="1" type="stmt"/>
      <line num="103" count="1" type="stmt"/>
      <line num="106" count="6" type="cond" truecount="2" falsecount="0"/>
      <line num="107" count="3" type="stmt"/>
      <line num="110" count="3" type="stmt"/>
      <line num="114" count="3" type="stmt"/>
    </file>
    <file name="routes.js" path="/Users/yuriyshvorob/Documents/petproject/bjj-products-store/routes/routes.js">
      <metrics statements="2" coveredstatements="2" conditionals="0" coveredconditionals="0" methods="0" coveredmethods="0"/>
      <line num="1" count="3" type="stmt"/>
      <line num="4" count="3" type="stmt"/>
    </file>
    <file name="schemas.js" path="/Users/yuriyshvorob/Documents/petproject/bjj-products-store/routes/schemas.js">
      <metrics statements="5" coveredstatements="5" conditionals="0" coveredconditionals="0" methods="0" coveredmethods="0"/>
      <line num="1" count="3" type="stmt"/>
      <line num="3" count="3" type="stmt"/>
      <line num="13" count="3" type="stmt"/>
      <line num="26" count="3" type="stmt"/>
      <line num="28" count="3" type="stmt"/>
    </file>
  </project>
</coverage>
