{"/Users/yuriyshvorob/Documents/petproject/bjj-products-store/routes/products.js": {"path":"/Users/yuriyshvorob/Documents/petproject/bjj-products-store/routes/products.js","statementMap":{"0":{"start":{"line":1,"column":16},"end":{"line":1,"column":34}},"1":{"start":{"line":2,"column":15},"end":{"line":2,"column":31}},"2":{"start":{"line":3,"column":27},"end":{"line":3,"column":64}},"3":{"start":{"line":4,"column":11},"end":{"line":4,"column":31}},"4":{"start":{"line":5,"column":15},"end":{"line":5,"column":34}},"5":{"start":{"line":6,"column":53},"end":{"line":6,"column":73}},"6":{"start":{"line":8,"column":0},"end":{"line":16,"column":3}},"7":{"start":{"line":9,"column":4},"end":{"line":15,"column":7}},"8":{"start":{"line":10,"column":8},"end":{"line":13,"column":9}},"9":{"start":{"line":11,"column":12},"end":{"line":11,"column":59}},"10":{"start":{"line":12,"column":12},"end":{"line":12,"column":78}},"11":{"start":{"line":14,"column":8},"end":{"line":14,"column":23}},"12":{"start":{"line":18,"column":0},"end":{"line":52,"column":3}},"13":{"start":{"line":19,"column":19},"end":{"line":19,"column":58}},"14":{"start":{"line":21,"column":4},"end":{"line":29,"column":5}},"15":{"start":{"line":22,"column":8},"end":{"line":28,"column":11}},"16":{"start":{"line":24,"column":51},"end":{"line":27,"column":13}},"17":{"start":{"line":31,"column":49},"end":{"line":31,"column":60}},"18":{"start":{"line":33,"column":4},"end":{"line":51,"column":6}},"19":{"start":{"line":37,"column":12},"end":{"line":40,"column":13}},"20":{"start":{"line":38,"column":16},"end":{"line":38,"column":63}},"21":{"start":{"line":39,"column":16},"end":{"line":39,"column":83}},"22":{"start":{"line":43,"column":12},"end":{"line":49,"column":15}},"23":{"start":{"line":44,"column":16},"end":{"line":47,"column":17}},"24":{"start":{"line":45,"column":20},"end":{"line":45,"column":74}},"25":{"start":{"line":46,"column":20},"end":{"line":46,"column":98}},"26":{"start":{"line":48,"column":16},"end":{"line":48,"column":42}},"27":{"start":{"line":54,"column":0},"end":{"line":95,"column":3}},"28":{"start":{"line":55,"column":22},"end":{"line":55,"column":35}},"29":{"start":{"line":58,"column":19},"end":{"line":58,"column":58}},"30":{"start":{"line":60,"column":4},"end":{"line":68,"column":5}},"31":{"start":{"line":61,"column":8},"end":{"line":67,"column":11}},"32":{"start":{"line":63,"column":51},"end":{"line":66,"column":13}},"33":{"start":{"line":70,"column":49},"end":{"line":70,"column":60}},"34":{"start":{"line":72,"column":4},"end":{"line":94,"column":6}},"35":{"start":{"line":76,"column":12},"end":{"line":79,"column":13}},"36":{"start":{"line":77,"column":16},"end":{"line":77,"column":63}},"37":{"start":{"line":78,"column":16},"end":{"line":78,"column":83}},"38":{"start":{"line":81,"column":12},"end":{"line":83,"column":13}},"39":{"start":{"line":82,"column":16},"end":{"line":82,"column":76}},"40":{"start":{"line":86,"column":12},"end":{"line":92,"column":15}},"41":{"start":{"line":87,"column":16},"end":{"line":90,"column":17}},"42":{"start":{"line":88,"column":20},"end":{"line":88,"column":74}},"43":{"start":{"line":89,"column":20},"end":{"line":89,"column":98}},"44":{"start":{"line":91,"column":16},"end":{"line":91,"column":30}},"45":{"start":{"line":97,"column":0},"end":{"line":112,"column":3}},"46":{"start":{"line":98,"column":22},"end":{"line":98,"column":35}},"47":{"start":{"line":100,"column":4},"end":{"line":111,"column":7}},"48":{"start":{"line":101,"column":8},"end":{"line":104,"column":9}},"49":{"start":{"line":102,"column":12},"end":{"line":102,"column":59}},"50":{"start":{"line":103,"column":12},"end":{"line":103,"column":79}},"51":{"start":{"line":106,"column":8},"end":{"line":108,"column":9}},"52":{"start":{"line":107,"column":12},"end":{"line":107,"column":72}},"53":{"start":{"line":110,"column":8},"end":{"line":110,"column":28}},"54":{"start":{"line":114,"column":0},"end":{"line":114,"column":30}}},"fnMap":{"0":{"name":"(anonymous_0)","decl":{"start":{"line":8,"column":28},"end":{"line":8,"column":29}},"loc":{"start":{"line":8,"column":42},"end":{"line":16,"column":1}},"line":8},"1":{"name":"(anonymous_1)","decl":{"start":{"line":9,"column":69},"end":{"line":9,"column":70}},"loc":{"start":{"line":9,"column":84},"end":{"line":15,"column":5}},"line":9},"2":{"name":"(anonymous_2)","decl":{"start":{"line":18,"column":29},"end":{"line":18,"column":30}},"loc":{"start":{"line":18,"column":43},"end":{"line":52,"column":1}},"line":18},"3":{"name":"(anonymous_3)","decl":{"start":{"line":24,"column":45},"end":{"line":24,"column":46}},"loc":{"start":{"line":24,"column":51},"end":{"line":27,"column":13}},"line":24},"4":{"name":"(anonymous_4)","decl":{"start":{"line":36,"column":8},"end":{"line":36,"column":9}},"loc":{"start":{"line":36,"column":22},"end":{"line":50,"column":9}},"line":36},"5":{"name":"(anonymous_5)","decl":{"start":{"line":43,"column":73},"end":{"line":43,"column":74}},"loc":{"start":{"line":43,"column":87},"end":{"line":49,"column":13}},"line":43},"6":{"name":"(anonymous_6)","decl":{"start":{"line":54,"column":37},"end":{"line":54,"column":38}},"loc":{"start":{"line":54,"column":51},"end":{"line":95,"column":1}},"line":54},"7":{"name":"(anonymous_7)","decl":{"start":{"line":63,"column":45},"end":{"line":63,"column":46}},"loc":{"start":{"line":63,"column":51},"end":{"line":66,"column":13}},"line":63},"8":{"name":"(anonymous_8)","decl":{"start":{"line":75,"column":8},"end":{"line":75,"column":9}},"loc":{"start":{"line":75,"column":22},"end":{"line":93,"column":9}},"line":75},"9":{"name":"(anonymous_9)","decl":{"start":{"line":86,"column":71},"end":{"line":86,"column":72}},"loc":{"start":{"line":86,"column":85},"end":{"line":92,"column":13}},"line":86},"10":{"name":"(anonymous_10)","decl":{"start":{"line":97,"column":40},"end":{"line":97,"column":41}},"loc":{"start":{"line":97,"column":54},"end":{"line":112,"column":1}},"line":97},"11":{"name":"(anonymous_11)","decl":{"start":{"line":100,"column":74},"end":{"line":100,"column":75}},"loc":{"start":{"line":100,"column":88},"end":{"line":111,"column":5}},"line":100}},"branchMap":{"0":{"loc":{"start":{"line":10,"column":8},"end":{"line":13,"column":9}},"type":"if","locations":[{"start":{"line":10,"column":8},"end":{"line":13,"column":9}},{"start":{},"end":{}}],"line":10},"1":{"loc":{"start":{"line":21,"column":4},"end":{"line":29,"column":5}},"type":"if","locations":[{"start":{"line":21,"column":4},"end":{"line":29,"column":5}},{"start":{},"end":{}}],"line":21},"2":{"loc":{"start":{"line":37,"column":12},"end":{"line":40,"column":13}},"type":"if","locations":[{"start":{"line":37,"column":12},"end":{"line":40,"column":13}},{"start":{},"end":{}}],"line":37},"3":{"loc":{"start":{"line":44,"column":16},"end":{"line":47,"column":17}},"type":"if","locations":[{"start":{"line":44,"column":16},"end":{"line":47,"column":17}},{"start":{},"end":{}}],"line":44},"4":{"loc":{"start":{"line":60,"column":4},"end":{"line":68,"column":5}},"type":"if","locations":[{"start":{"line":60,"column":4},"end":{"line":68,"column":5}},{"start":{},"end":{}}],"line":60},"5":{"loc":{"start":{"line":76,"column":12},"end":{"line":79,"column":13}},"type":"if","locations":[{"start":{"line":76,"column":12},"end":{"line":79,"column":13}},{"start":{},"end":{}}],"line":76},"6":{"loc":{"start":{"line":81,"column":12},"end":{"line":83,"column":13}},"type":"if","locations":[{"start":{"line":81,"column":12},"end":{"line":83,"column":13}},{"start":{},"end":{}}],"line":81},"7":{"loc":{"start":{"line":87,"column":16},"end":{"line":90,"column":17}},"type":"if","locations":[{"start":{"line":87,"column":16},"end":{"line":90,"column":17}},{"start":{},"end":{}}],"line":87},"8":{"loc":{"start":{"line":101,"column":8},"end":{"line":104,"column":9}},"type":"if","locations":[{"start":{"line":101,"column":8},"end":{"line":104,"column":9}},{"start":{},"end":{}}],"line":101},"9":{"loc":{"start":{"line":106,"column":8},"end":{"line":108,"column":9}},"type":"if","locations":[{"start":{"line":106,"column":8},"end":{"line":108,"column":9}},{"start":{},"end":{}}],"line":106}},"s":{"0":3,"1":3,"2":3,"3":3,"4":3,"5":3,"6":3,"7":1,"8":1,"9":0,"10":0,"11":1,"12":3,"13":7,"14":7,"15":5,"16":5,"17":2,"18":2,"19":2,"20":0,"21":0,"22":2,"23":2,"24":0,"25":0,"26":2,"27":3,"28":14,"29":14,"30":14,"31":14,"32":22,"33":0,"34":0,"35":0,"36":0,"37":0,"38":0,"39":0,"40":0,"41":0,"42":0,"43":0,"44":0,"45":3,"46":7,"47":7,"48":7,"49":1,"50":1,"51":6,"52":3,"53":3,"54":3},"f":{"0":1,"1":1,"2":7,"3":5,"4":2,"5":2,"6":14,"7":22,"8":0,"9":0,"10":7,"11":7},"b":{"0":[0,1],"1":[5,2],"2":[0,2],"3":[0,2],"4":[14,0],"5":[0,0],"6":[0,0],"7":[0,0],"8":[1,6],"9":[3,3]},"inputSourceMap":null,"_coverageSchema":"1a1c01bbd47fc00a2c39e90264f33305004495a9","hash":"a8ecedf1f948a7cb5387db4845ab7dd55f2778cc"}
,"/Users/yuriyshvorob/Documents/petproject/bjj-products-store/routes/routes.js": {"path":"/Users/yuriyshvorob/Documents/petproject/bjj-products-store/routes/routes.js","statementMap":{"0":{"start":{"line":1,"column":15},"end":{"line":3,"column":1}},"1":{"start":{"line":4,"column":0},"end":{"line":4,"column":24}}},"fnMap":{},"branchMap":{},"s":{"0":3,"1":3},"f":{},"b":{},"inputSourceMap":null,"_coverageSchema":"1a1c01bbd47fc00a2c39e90264f33305004495a9","hash":"c59b1eb862e2a80e4706b461de63e07e219de0e6"}
,"/Users/yuriyshvorob/Documents/petproject/bjj-products-store/routes/schemas.js": {"path":"/Users/yuriyshvorob/Documents/petproject/bjj-products-store/routes/schemas.js","statementMap":{"0":{"start":{"line":1,"column":14},"end":{"line":1,"column":28}},"1":{"start":{"line":3,"column":30},"end":{"line":11,"column":1}},"2":{"start":{"line":13,"column":28},"end":{"line":23,"column":2}},"3":{"start":{"line":26,"column":28},"end":{"line":26,"column":47}},"4":{"start":{"line":28,"column":0},"end":{"line":32,"column":2}}},"fnMap":{},"branchMap":{},"s":{"0":3,"1":3,"2":3,"3":3,"4":3},"f":{},"b":{},"inputSourceMap":null,"_coverageSchema":"1a1c01bbd47fc00a2c39e90264f33305004495a9","hash":"805a9e13e43c3ab0f17661f7c6add17224a9cde2"}
}
