{"/Users/yuriyshvorob/Documents/petproject/bjj-products-store/data/utils/initializeDb.js": {"path":"/Users/yuriyshvorob/Documents/petproject/bjj-products-store/data/utils/initializeDb.js","statementMap":{"0":{"start":{"line":2,"column":13},"end":{"line":2,"column":28}},"1":{"start":{"line":3,"column":16},"end":{"line":3,"column":48}},"2":{"start":{"line":4,"column":11},"end":{"line":4,"column":24}},"3":{"start":{"line":5,"column":23},"end":{"line":5,"column":63}},"4":{"start":{"line":6,"column":16},"end":{"line":6,"column":44}},"5":{"start":{"line":8,"column":0},"end":{"line":8,"column":28}},"6":{"start":{"line":11,"column":2},"end":{"line":11,"column":16}},"7":{"start":{"line":12,"column":13},"end":{"line":12,"column":42}},"8":{"start":{"line":14,"column":2},"end":{"line":44,"column":5}},"9":{"start":{"line":15,"column":4},"end":{"line":24,"column":6}},"10":{"start":{"line":26,"column":4},"end":{"line":43,"column":7}},"11":{"start":{"line":27,"column":6},"end":{"line":30,"column":7}},"12":{"start":{"line":28,"column":8},"end":{"line":28,"column":54}},"13":{"start":{"line":29,"column":8},"end":{"line":29,"column":15}},"14":{"start":{"line":32,"column":6},"end":{"line":42,"column":7}},"15":{"start":{"line":33,"column":25},"end":{"line":33,"column":38}},"16":{"start":{"line":34,"column":21},"end":{"line":36,"column":9}},"17":{"start":{"line":37,"column":8},"end":{"line":39,"column":11}},"18":{"start":{"line":38,"column":10},"end":{"line":38,"column":80}},"19":{"start":{"line":40,"column":8},"end":{"line":40,"column":24}},"20":{"start":{"line":41,"column":8},"end":{"line":41,"column":72}},"21":{"start":{"line":46,"column":2},"end":{"line":46,"column":12}},"22":{"start":{"line":50,"column":14},"end":{"line":50,"column":35}},"23":{"start":{"line":51,"column":2},"end":{"line":53,"column":3}},"24":{"start":{"line":52,"column":4},"end":{"line":52,"column":43}},"25":{"start":{"line":57,"column":2},"end":{"line":59,"column":3}},"26":{"start":{"line":58,"column":4},"end":{"line":58,"column":62}},"27":{"start":{"line":60,"column":14},"end":{"line":60,"column":54}},"28":{"start":{"line":61,"column":17},"end":{"line":61,"column":32}},"29":{"start":{"line":62,"column":2},"end":{"line":64,"column":3}},"30":{"start":{"line":63,"column":4},"end":{"line":63,"column":56}},"31":{"start":{"line":65,"column":2},"end":{"line":65,"column":25}},"32":{"start":{"line":68,"column":0},"end":{"line":68,"column":36}}},"fnMap":{"0":{"name":"initializeDatabase","decl":{"start":{"line":10,"column":9},"end":{"line":10,"column":27}},"loc":{"start":{"line":10,"column":30},"end":{"line":47,"column":1}},"line":10},"1":{"name":"(anonymous_1)","decl":{"start":{"line":14,"column":15},"end":{"line":14,"column":16}},"loc":{"start":{"line":14,"column":21},"end":{"line":44,"column":3}},"line":14},"2":{"name":"(anonymous_2)","decl":{"start":{"line":26,"column":53},"end":{"line":26,"column":54}},"loc":{"start":{"line":26,"column":67},"end":{"line":43,"column":5}},"line":26},"3":{"name":"(anonymous_3)","decl":{"start":{"line":37,"column":25},"end":{"line":37,"column":26}},"loc":{"start":{"line":37,"column":32},"end":{"line":39,"column":9}},"line":37},"4":{"name":"ensureDbDir","decl":{"start":{"line":49,"column":9},"end":{"line":49,"column":20}},"loc":{"start":{"line":49,"column":23},"end":{"line":54,"column":1}},"line":49},"5":{"name":"getSeedData","decl":{"start":{"line":56,"column":9},"end":{"line":56,"column":20}},"loc":{"start":{"line":56,"column":23},"end":{"line":66,"column":1}},"line":56}},"branchMap":{"0":{"loc":{"start":{"line":27,"column":6},"end":{"line":30,"column":7}},"type":"if","locations":[{"start":{"line":27,"column":6},"end":{"line":30,"column":7}},{"start":{},"end":{}}],"line":27},"1":{"loc":{"start":{"line":32,"column":6},"end":{"line":42,"column":7}},"type":"if","locations":[{"start":{"line":32,"column":6},"end":{"line":42,"column":7}},{"start":{},"end":{}}],"line":32},"2":{"loc":{"start":{"line":51,"column":2},"end":{"line":53,"column":3}},"type":"if","locations":[{"start":{"line":51,"column":2},"end":{"line":53,"column":3}},{"start":{},"end":{}}],"line":51},"3":{"loc":{"start":{"line":57,"column":2},"end":{"line":59,"column":3}},"type":"if","locations":[{"start":{"line":57,"column":2},"end":{"line":59,"column":3}},{"start":{},"end":{}}],"line":57},"4":{"loc":{"start":{"line":62,"column":2},"end":{"line":64,"column":3}},"type":"if","locations":[{"start":{"line":62,"column":2},"end":{"line":64,"column":3}},{"start":{},"end":{}}],"line":62},"5":{"loc":{"start":{"line":62,"column":6},"end":{"line":62,"column":57}},"type":"binary-expr","locations":[{"start":{"line":62,"column":6},"end":{"line":62,"column":22}},{"start":{"line":62,"column":26},"end":{"line":62,"column":57}}],"line":62}},"s":{"0":1,"1":1,"2":1,"3":1,"4":1,"5":1,"6":1,"7":1,"8":1,"9":1,"10":1,"11":1,"12":0,"13":0,"14":1,"15":0,"16":0,"17":0,"18":0,"19":0,"20":0,"21":1,"22":1,"23":1,"24":0,"25":0,"26":0,"27":0,"28":0,"29":0,"30":0,"31":0,"32":1},"f":{"0":1,"1":1,"2":1,"3":0,"4":1,"5":0},"b":{"0":[0,1],"1":[0,1],"2":[0,1],"3":[0,0],"4":[0,0],"5":[0,0]},"_coverageSchema":"1a1c01bbd47fc00a2c39e90264f33305004495a9","hash":"e5590ea26f1ee8a79a9b43fe601bc6439dc99a5e"}
,"/Users/yuriyshvorob/Documents/petproject/bjj-products-store/routes/products.js": {"path":"/Users/yuriyshvorob/Documents/petproject/bjj-products-store/routes/products.js","statementMap":{"0":{"start":{"line":1,"column":16},"end":{"line":1,"column":34}},"1":{"start":{"line":2,"column":15},"end":{"line":2,"column":31}},"2":{"start":{"line":3,"column":27},"end":{"line":3,"column":64}},"3":{"start":{"line":4,"column":11},"end":{"line":4,"column":31}},"4":{"start":{"line":6,"column":20},"end":{"line":6,"column":35}},"5":{"start":{"line":8,"column":0},"end":{"line":16,"column":3}},"6":{"start":{"line":9,"column":4},"end":{"line":15,"column":7}},"7":{"start":{"line":10,"column":8},"end":{"line":13,"column":9}},"8":{"start":{"line":11,"column":12},"end":{"line":11,"column":59}},"9":{"start":{"line":12,"column":12},"end":{"line":12,"column":78}},"10":{"start":{"line":14,"column":8},"end":{"line":14,"column":23}},"11":{"start":{"line":18,"column":0},"end":{"line":50,"column":3}},"12":{"start":{"line":19,"column":49},"end":{"line":19,"column":57}},"13":{"start":{"line":22,"column":4},"end":{"line":24,"column":5}},"14":{"start":{"line":23,"column":8},"end":{"line":23,"column":74}},"15":{"start":{"line":27,"column":4},"end":{"line":29,"column":5}},"16":{"start":{"line":28,"column":8},"end":{"line":28,"column":82}},"17":{"start":{"line":31,"column":4},"end":{"line":49,"column":6}},"18":{"start":{"line":35,"column":12},"end":{"line":38,"column":13}},"19":{"start":{"line":36,"column":16},"end":{"line":36,"column":63}},"20":{"start":{"line":37,"column":16},"end":{"line":37,"column":83}},"21":{"start":{"line":41,"column":12},"end":{"line":47,"column":15}},"22":{"start":{"line":42,"column":16},"end":{"line":45,"column":17}},"23":{"start":{"line":43,"column":20},"end":{"line":43,"column":74}},"24":{"start":{"line":44,"column":20},"end":{"line":44,"column":98}},"25":{"start":{"line":46,"column":16},"end":{"line":46,"column":42}},"26":{"start":{"line":52,"column":0},"end":{"line":89,"column":3}},"27":{"start":{"line":53,"column":22},"end":{"line":53,"column":35}},"28":{"start":{"line":54,"column":49},"end":{"line":54,"column":57}},"29":{"start":{"line":57,"column":4},"end":{"line":59,"column":5}},"30":{"start":{"line":58,"column":8},"end":{"line":58,"column":74}},"31":{"start":{"line":62,"column":4},"end":{"line":64,"column":5}},"32":{"start":{"line":63,"column":8},"end":{"line":63,"column":82}},"33":{"start":{"line":66,"column":4},"end":{"line":88,"column":6}},"34":{"start":{"line":70,"column":12},"end":{"line":73,"column":13}},"35":{"start":{"line":71,"column":16},"end":{"line":71,"column":63}},"36":{"start":{"line":72,"column":16},"end":{"line":72,"column":83}},"37":{"start":{"line":75,"column":12},"end":{"line":77,"column":13}},"38":{"start":{"line":76,"column":16},"end":{"line":76,"column":76}},"39":{"start":{"line":80,"column":12},"end":{"line":86,"column":15}},"40":{"start":{"line":81,"column":16},"end":{"line":84,"column":17}},"41":{"start":{"line":82,"column":20},"end":{"line":82,"column":74}},"42":{"start":{"line":83,"column":20},"end":{"line":83,"column":98}},"43":{"start":{"line":85,"column":16},"end":{"line":85,"column":30}},"44":{"start":{"line":91,"column":0},"end":{"line":106,"column":3}},"45":{"start":{"line":92,"column":22},"end":{"line":92,"column":35}},"46":{"start":{"line":94,"column":4},"end":{"line":105,"column":7}},"47":{"start":{"line":95,"column":8},"end":{"line":98,"column":9}},"48":{"start":{"line":96,"column":12},"end":{"line":96,"column":59}},"49":{"start":{"line":97,"column":12},"end":{"line":97,"column":79}},"50":{"start":{"line":100,"column":8},"end":{"line":102,"column":9}},"51":{"start":{"line":101,"column":12},"end":{"line":101,"column":72}},"52":{"start":{"line":104,"column":8},"end":{"line":104,"column":28}},"53":{"start":{"line":108,"column":0},"end":{"line":108,"column":39}}},"fnMap":{"0":{"name":"(anonymous_0)","decl":{"start":{"line":8,"column":24},"end":{"line":8,"column":25}},"loc":{"start":{"line":8,"column":38},"end":{"line":16,"column":1}},"line":8},"1":{"name":"(anonymous_1)","decl":{"start":{"line":9,"column":69},"end":{"line":9,"column":70}},"loc":{"start":{"line":9,"column":84},"end":{"line":15,"column":5}},"line":9},"2":{"name":"(anonymous_2)","decl":{"start":{"line":18,"column":25},"end":{"line":18,"column":26}},"loc":{"start":{"line":18,"column":39},"end":{"line":50,"column":1}},"line":18},"3":{"name":"(anonymous_3)","decl":{"start":{"line":34,"column":8},"end":{"line":34,"column":9}},"loc":{"start":{"line":34,"column":22},"end":{"line":48,"column":9}},"line":34},"4":{"name":"(anonymous_4)","decl":{"start":{"line":41,"column":73},"end":{"line":41,"column":74}},"loc":{"start":{"line":41,"column":87},"end":{"line":47,"column":13}},"line":41},"5":{"name":"(anonymous_5)","decl":{"start":{"line":52,"column":33},"end":{"line":52,"column":34}},"loc":{"start":{"line":52,"column":47},"end":{"line":89,"column":1}},"line":52},"6":{"name":"(anonymous_6)","decl":{"start":{"line":69,"column":8},"end":{"line":69,"column":9}},"loc":{"start":{"line":69,"column":22},"end":{"line":87,"column":9}},"line":69},"7":{"name":"(anonymous_7)","decl":{"start":{"line":80,"column":71},"end":{"line":80,"column":72}},"loc":{"start":{"line":80,"column":85},"end":{"line":86,"column":13}},"line":80},"8":{"name":"(anonymous_8)","decl":{"start":{"line":91,"column":36},"end":{"line":91,"column":37}},"loc":{"start":{"line":91,"column":50},"end":{"line":106,"column":1}},"line":91},"9":{"name":"(anonymous_9)","decl":{"start":{"line":94,"column":74},"end":{"line":94,"column":75}},"loc":{"start":{"line":94,"column":88},"end":{"line":105,"column":5}},"line":94}},"branchMap":{"0":{"loc":{"start":{"line":10,"column":8},"end":{"line":13,"column":9}},"type":"if","locations":[{"start":{"line":10,"column":8},"end":{"line":13,"column":9}},{"start":{},"end":{}}],"line":10},"1":{"loc":{"start":{"line":22,"column":4},"end":{"line":24,"column":5}},"type":"if","locations":[{"start":{"line":22,"column":4},"end":{"line":24,"column":5}},{"start":{},"end":{}}],"line":22},"2":{"loc":{"start":{"line":22,"column":8},"end":{"line":22,"column":50}},"type":"binary-expr","locations":[{"start":{"line":22,"column":8},"end":{"line":22,"column":14}},{"start":{"line":22,"column":18},"end":{"line":22,"column":30}},{"start":{"line":22,"column":34},"end":{"line":22,"column":40}},{"start":{"line":22,"column":44},"end":{"line":22,"column":50}}],"line":22},"3":{"loc":{"start":{"line":27,"column":4},"end":{"line":29,"column":5}},"type":"if","locations":[{"start":{"line":27,"column":4},"end":{"line":29,"column":5}},{"start":{},"end":{}}],"line":27},"4":{"loc":{"start":{"line":27,"column":8},"end":{"line":27,"column":34}},"type":"binary-expr","locations":[{"start":{"line":27,"column":8},"end":{"line":27,"column":20}},{"start":{"line":27,"column":24},"end":{"line":27,"column":34}}],"line":27},"5":{"loc":{"start":{"line":35,"column":12},"end":{"line":38,"column":13}},"type":"if","locations":[{"start":{"line":35,"column":12},"end":{"line":38,"column":13}},{"start":{},"end":{}}],"line":35},"6":{"loc":{"start":{"line":42,"column":16},"end":{"line":45,"column":17}},"type":"if","locations":[{"start":{"line":42,"column":16},"end":{"line":45,"column":17}},{"start":{},"end":{}}],"line":42},"7":{"loc":{"start":{"line":57,"column":4},"end":{"line":59,"column":5}},"type":"if","locations":[{"start":{"line":57,"column":4},"end":{"line":59,"column":5}},{"start":{},"end":{}}],"line":57},"8":{"loc":{"start":{"line":57,"column":8},"end":{"line":57,"column":50}},"type":"binary-expr","locations":[{"start":{"line":57,"column":8},"end":{"line":57,"column":14}},{"start":{"line":57,"column":18},"end":{"line":57,"column":30}},{"start":{"line":57,"column":34},"end":{"line":57,"column":40}},{"start":{"line":57,"column":44},"end":{"line":57,"column":50}}],"line":57},"9":{"loc":{"start":{"line":62,"column":4},"end":{"line":64,"column":5}},"type":"if","locations":[{"start":{"line":62,"column":4},"end":{"line":64,"column":5}},{"start":{},"end":{}}],"line":62},"10":{"loc":{"start":{"line":62,"column":8},"end":{"line":62,"column":34}},"type":"binary-expr","locations":[{"start":{"line":62,"column":8},"end":{"line":62,"column":20}},{"start":{"line":62,"column":24},"end":{"line":62,"column":34}}],"line":62},"11":{"loc":{"start":{"line":70,"column":12},"end":{"line":73,"column":13}},"type":"if","locations":[{"start":{"line":70,"column":12},"end":{"line":73,"column":13}},{"start":{},"end":{}}],"line":70},"12":{"loc":{"start":{"line":75,"column":12},"end":{"line":77,"column":13}},"type":"if","locations":[{"start":{"line":75,"column":12},"end":{"line":77,"column":13}},{"start":{},"end":{}}],"line":75},"13":{"loc":{"start":{"line":81,"column":16},"end":{"line":84,"column":17}},"type":"if","locations":[{"start":{"line":81,"column":16},"end":{"line":84,"column":17}},{"start":{},"end":{}}],"line":81},"14":{"loc":{"start":{"line":95,"column":8},"end":{"line":98,"column":9}},"type":"if","locations":[{"start":{"line":95,"column":8},"end":{"line":98,"column":9}},{"start":{},"end":{}}],"line":95},"15":{"loc":{"start":{"line":100,"column":8},"end":{"line":102,"column":9}},"type":"if","locations":[{"start":{"line":100,"column":8},"end":{"line":102,"column":9}},{"start":{},"end":{}}],"line":100}},"s":{"0":1,"1":1,"2":1,"3":1,"4":1,"5":1,"6":3,"7":3,"8":0,"9":0,"10":3,"11":1,"12":0,"13":0,"14":0,"15":0,"16":0,"17":0,"18":0,"19":0,"20":0,"21":0,"22":0,"23":0,"24":0,"25":0,"26":1,"27":0,"28":0,"29":0,"30":0,"31":0,"32":0,"33":0,"34":0,"35":0,"36":0,"37":0,"38":0,"39":0,"40":0,"41":0,"42":0,"43":0,"44":1,"45":0,"46":0,"47":0,"48":0,"49":0,"50":0,"51":0,"52":0,"53":1},"f":{"0":3,"1":3,"2":0,"3":0,"4":0,"5":0,"6":0,"7":0,"8":0,"9":0},"b":{"0":[0,3],"1":[0,0],"2":[0,0,0,0],"3":[0,0],"4":[0,0],"5":[0,0],"6":[0,0],"7":[0,0],"8":[0,0,0,0],"9":[0,0],"10":[0,0],"11":[0,0],"12":[0,0],"13":[0,0],"14":[0,0],"15":[0,0]},"_coverageSchema":"1a1c01bbd47fc00a2c39e90264f33305004495a9","hash":"b7f8b28db4e0e28fa9affe2d8011d9da99b35fe0"}
}
