TN:
SF:routes/products.js
FN:8,(anonymous_0)
FN:9,(anonymous_1)
FN:18,(anonymous_2)
FN:24,(anonymous_3)
FN:36,(anonymous_4)
FN:43,(anonymous_5)
FN:54,(anonymous_6)
FN:63,(anonymous_7)
FN:75,(anonymous_8)
FN:86,(anonymous_9)
FN:97,(anonymous_10)
FN:100,(anonymous_11)
FNF:12
FNH:10
FNDA:1,(anonymous_0)
FNDA:1,(anonymous_1)
FNDA:7,(anonymous_2)
FNDA:5,(anonymous_3)
FNDA:2,(anonymous_4)
FNDA:2,(anonymous_5)
FNDA:14,(anonymous_6)
FNDA:22,(anonymous_7)
FNDA:0,(anonymous_8)
FNDA:0,(anonymous_9)
FNDA:7,(anonymous_10)
FNDA:7,(anonymous_11)
DA:1,3
DA:2,3
DA:3,3
DA:4,3
DA:5,3
DA:6,3
DA:8,3
DA:9,1
DA:10,1
DA:11,0
DA:12,0
DA:14,1
DA:18,3
DA:19,7
DA:21,7
DA:22,5
DA:24,5
DA:31,2
DA:33,2
DA:37,2
DA:38,0
DA:39,0
DA:43,2
DA:44,2
DA:45,0
DA:46,0
DA:48,2
DA:54,3
DA:55,14
DA:58,14
DA:60,14
DA:61,14
DA:63,22
DA:70,0
DA:72,0
DA:76,0
DA:77,0
DA:78,0
DA:81,0
DA:82,0
DA:86,0
DA:87,0
DA:88,0
DA:89,0
DA:91,0
DA:97,3
DA:98,7
DA:100,7
DA:101,7
DA:102,1
DA:103,1
DA:106,6
DA:107,3
DA:110,3
DA:114,3
LF:55
LH:37
BRDA:10,0,0,0
BRDA:10,0,1,1
BRDA:21,1,0,5
BRDA:21,1,1,2
BRDA:37,2,0,0
BRDA:37,2,1,2
BRDA:44,3,0,0
BRDA:44,3,1,2
BRDA:60,4,0,14
BRDA:60,4,1,0
BRDA:76,5,0,0
BRDA:76,5,1,0
BRDA:81,6,0,0
BRDA:81,6,1,0
BRDA:87,7,0,0
BRDA:87,7,1,0
BRDA:101,8,0,1
BRDA:101,8,1,6
BRDA:106,9,0,3
BRDA:106,9,1,3
BRF:20
BRH:10
end_of_record
TN:
SF:routes/routes.js
FNF:0
FNH:0
DA:1,3
DA:4,3
LF:2
LH:2
BRF:0
BRH:0
end_of_record
TN:
SF:routes/schemas.js
FNF:0
FNH:0
DA:1,3
DA:3,3
DA:13,3
DA:26,3
DA:28,3
LF:5
LH:5
BRF:0
BRH:0
end_of_record
